<?xml version="1.0" encoding="UTF-8"?>
<!-- Generated by org.testng.reporters.JUnitXMLReporter -->
<testsuite hostname="INMAAWN5384001" ignored="0" name="methods" tests="2" failures="0" timestamp="28 Jun 2019 08:14:26 GMT" time="88.244" errors="0">
  <testcase name="checkWhetherGlobalViewIsSelectedByDefault" time="20.761" classname="com.testcases.FacilityViewTests"/>
  <testcase name="validateEnteringShipmentID" time="31.178" classname="com.testcases.FacilityViewTests"/>
</testsuite> <!-- methods -->
