<?xml version="1.0" encoding="UTF-8"?>
<!-- Generated by org.testng.reporters.JUnitXMLReporter -->
<testsuite hostname="INMAAWN53000190" ignored="5" name="Test" tests="3" failures="0" timestamp="03 Nov 2019 17:07:20 GMT" time="68.179" errors="0">
  <testcase name="test2" time="8.584" classname="com.testcases.FacilityViewTests"/>
  <testcase name="test1" time="6.98" classname="com.testcases.FacilityViewTests"/>
  <testcase name="test1" time="5.302" classname="com.testcases.FacilityViewTests"/>
  <testcase name="test3" time="0.0" classname="com.testcases.HomePageTests">
    <ignored/>
  </testcase> <!-- test3 -->
  <testcase name="@BeforeSuite beforeSuite" time="0.0" classname="com.testcases.BaseTest">
    <ignored/>
  </testcase> <!-- @BeforeSuite beforeSuite -->
  <testcase name="@BeforeSuite beforeSuite" time="0.0" classname="com.testcases.BaseTest">
    <ignored/>
  </testcase> <!-- @BeforeSuite beforeSuite -->
  <testcase name="@AfterSuite afterSuite" time="0.0" classname="com.testcases.BaseTest">
    <ignored/>
  </testcase> <!-- @AfterSuite afterSuite -->
  <testcase name="@AfterSuite afterSuite" time="0.0" classname="com.testcases.BaseTest">
    <ignored/>
  </testcase> <!-- @AfterSuite afterSuite -->
</testsuite> <!-- Test -->
