<?xml version="1.0" encoding="UTF-8"?>
<!-- Generated by org.testng.reporters.JUnitXMLReporter -->
<testsuite hostname="INMAAWN5384001" ignored="1" name="AQCC Parallel Test" tests="1" failures="0" timestamp="01 Jul 2019 09:08:46 GMT" time="38.261" errors="0">
  <testcase name="validateEnteringShipmentID" time="22.973" classname="com.testcases.FacilityViewTests"/>
  <testcase name="checkWhetherGlobalViewIsSelectedByDefault" time="0.0" classname="com.testcases.FacilityViewTests">
    <ignored/>
  </testcase> <!-- checkWhetherGlobalViewIsSelectedByDefault -->
</testsuite> <!-- AQCC Parallel Test -->
