<?xml version="1.0" encoding="UTF-8"?>
<!-- Generated by org.testng.reporters.JUnitXMLReporter -->
<testsuite hostname="INMAAWN5384001" ignored="0" name="Test" tests="2" failures="0" timestamp="28 Jun 2019 07:43:09 GMT" time="81.332" errors="0">
  <testcase name="checkWhetherGlobalViewIsSelectedByDefault" time="20.263" classname="com.testcases.FacilityViewTests"/>
  <testcase name="validateEnteringShipmentID" time="29.605" classname="com.testcases.FacilityViewTests"/>
</testsuite> <!-- Test -->
